<?xml version="1.0" encoding="UTF-8"?>
<testsuite name="com.example.asedemo.service.BookServiceTest" tests="1" skipped="0" failures="0" errors="0" timestamp="2022-03-29T19:42:42" hostname="DESKTOP-KJQDDQ8" time="0.202">
  <properties/>
  <testcase name="create()" classname="com.example.asedemo.service.BookServiceTest" time="0.202"/>
  <system-out><![CDATA[14:42:38.604 [Test worker] DEBUG org.springframework.test.context.BootstrapUtils - Instantiating CacheAwareContextLoaderDelegate from class [org.springframework.test.context.cache.DefaultCacheAwareContextLoaderDelegate]
14:42:38.613 [Test worker] DEBUG org.springframework.test.context.BootstrapUtils - Instantiating BootstrapContext using constructor [public org.springframework.test.context.support.DefaultBootstrapContext(java.lang.Class,org.springframework.test.context.CacheAwareContextLoaderDelegate)]
14:42:38.639 [Test worker] DEBUG org.springframework.test.context.BootstrapUtils - Instantiating TestContextBootstrapper for test class [com.example.asedemo.service.BookServiceTest] from class [org.springframework.boot.test.context.SpringBootTestContextBootstrapper]
14:42:38.648 [Test worker] INFO org.springframework.boot.test.context.SpringBootTestContextBootstrapper - Neither @ContextConfiguration nor @ContextHierarchy found for test class [com.example.asedemo.service.BookServiceTest], using SpringBootContextLoader
14:42:38.652 [Test worker] DEBUG org.springframework.test.context.support.AbstractContextLoader - Did not detect default resource location for test class [com.example.asedemo.service.BookServiceTest]: class path resource [com/example/asedemo/service/BookServiceTest-context.xml] does not exist
14:42:38.653 [Test worker] DEBUG org.springframework.test.context.support.AbstractContextLoader - Did not detect default resource location for test class [com.example.asedemo.service.BookServiceTest]: class path resource [com/example/asedemo/service/BookServiceTestContext.groovy] does not exist
14:42:38.653 [Test worker] INFO org.springframework.test.context.support.AbstractContextLoader - Could not detect default resource locations for test class [com.example.asedemo.service.BookServiceTest]: no resource found for suffixes {-context.xml, Context.groovy}.
14:42:38.655 [Test worker] INFO org.springframework.test.context.support.AnnotationConfigContextLoaderUtils - Could not detect default configuration classes for test class [com.example.asedemo.service.BookServiceTest]: BookServiceTest does not declare any static, non-private, non-final, nested classes annotated with @Configuration.
14:42:38.690 [Test worker] DEBUG org.springframework.test.context.support.ActiveProfilesUtils - Could not find an 'annotation declaring class' for annotation type [org.springframework.test.context.ActiveProfiles] and class [com.example.asedemo.service.BookServiceTest]
14:42:38.744 [Test worker] DEBUG org.springframework.context.annotation.ClassPathScanningCandidateComponentProvider - Identified candidate component class: file [C:\Lecture\2022_Spring\Project\Spring Boot\asedemo\asedemo\build\classes\java\main\com\example\asedemo\AsedemoApplication.class]
14:42:38.745 [Test worker] INFO org.springframework.boot.test.context.SpringBootTestContextBootstrapper - Found @SpringBootConfiguration com.example.asedemo.AsedemoApplication for test class com.example.asedemo.service.BookServiceTest
14:42:38.824 [Test worker] DEBUG org.springframework.boot.test.context.SpringBootTestContextBootstrapper - @TestExecutionListeners is not present for class [com.example.asedemo.service.BookServiceTest]: using defaults.
14:42:38.825 [Test worker] INFO org.springframework.boot.test.context.SpringBootTestContextBootstrapper - Loaded default TestExecutionListener class names from location [META-INF/spring.factories]: [org.springframework.boot.test.autoconfigure.restdocs.RestDocsTestExecutionListener, org.springframework.boot.test.autoconfigure.web.client.MockRestServiceServerResetTestExecutionListener, org.springframework.boot.test.autoconfigure.web.servlet.MockMvcPrintOnlyOnFailureTestExecutionListener, org.springframework.boot.test.autoconfigure.web.servlet.WebDriverTestExecutionListener, org.springframework.boot.test.autoconfigure.webservices.client.MockWebServiceServerTestExecutionListener, org.springframework.boot.test.mock.mockito.MockitoTestExecutionListener, org.springframework.boot.test.mock.mockito.ResetMocksTestExecutionListener, org.springframework.test.context.web.ServletTestExecutionListener, org.springframework.test.context.support.DirtiesContextBeforeModesTestExecutionListener, org.springframework.test.context.event.ApplicationEventsTestExecutionListener, org.springframework.test.context.support.DependencyInjectionTestExecutionListener, org.springframework.test.context.support.DirtiesContextTestExecutionListener, org.springframework.test.context.transaction.TransactionalTestExecutionListener, org.springframework.test.context.jdbc.SqlScriptsTestExecutionListener, org.springframework.test.context.event.EventPublishingTestExecutionListener]
14:42:38.840 [Test worker] INFO org.springframework.boot.test.context.SpringBootTestContextBootstrapper - Using TestExecutionListeners: [org.springframework.test.context.web.ServletTestExecutionListener@7bd69e82, org.springframework.test.context.support.DirtiesContextBeforeModesTestExecutionListener@74d7184a, org.springframework.test.context.event.ApplicationEventsTestExecutionListener@51b01960, org.springframework.boot.test.mock.mockito.MockitoTestExecutionListener@6831d8fd, org.springframework.boot.test.autoconfigure.SpringBootDependencyInjectionTestExecutionListener@27dc79f7, org.springframework.test.context.support.DirtiesContextTestExecutionListener@6b85300e, org.springframework.test.context.transaction.TransactionalTestExecutionListener@3aaf4f07, org.springframework.test.context.jdbc.SqlScriptsTestExecutionListener@5cbf9e9f, org.springframework.test.context.event.EventPublishingTestExecutionListener@18e8473e, org.springframework.boot.test.autoconfigure.restdocs.RestDocsTestExecutionListener@5a2f016d, org.springframework.boot.test.autoconfigure.web.client.MockRestServiceServerResetTestExecutionListener@1a38ba58, org.springframework.boot.test.autoconfigure.web.servlet.MockMvcPrintOnlyOnFailureTestExecutionListener@3ad394e6, org.springframework.boot.test.autoconfigure.web.servlet.WebDriverTestExecutionListener@6058e535, org.springframework.boot.test.autoconfigure.webservices.client.MockWebServiceServerTestExecutionListener@42deb43a, org.springframework.boot.test.mock.mockito.ResetMocksTestExecutionListener@1deb2c43]
14:42:38.845 [Test worker] DEBUG org.springframework.test.context.support.AbstractDirtiesContextTestExecutionListener - Before test class: context [DefaultTestContext@47a64f7d testClass = BookServiceTest, testInstance = [null], testMethod = [null], testException = [null], mergedContextConfiguration = [WebMergedContextConfiguration@33d05366 testClass = BookServiceTest, locations = '{}', classes = '{class com.example.asedemo.AsedemoApplication}', contextInitializerClasses = '[]', activeProfiles = '{}', propertySourceLocations = '{}', propertySourceProperties = '{org.springframework.boot.test.context.SpringBootTestContextBootstrapper=true}', contextCustomizers = set[org.springframework.boot.test.autoconfigure.actuate.metrics.MetricsExportContextCustomizerFactory$DisableMetricExportContextCustomizer@45c8d09f, org.springframework.boot.test.autoconfigure.properties.PropertyMappingContextCustomizer@0, org.springframework.boot.test.autoconfigure.web.servlet.WebDriverContextCustomizerFactory$Customizer@5c3b6c6e, org.springframework.boot.test.context.filter.ExcludeFilterContextCustomizer@12bcd0c0, org.springframework.boot.test.json.DuplicateJsonObjectContextCustomizerFactory$DuplicateJsonObjectContextCustomizer@354fc8f0, org.springframework.boot.test.mock.mockito.MockitoContextCustomizer@0, org.springframework.boot.test.web.client.TestRestTemplateContextCustomizer@79da1ec0, org.springframework.boot.test.context.SpringBootTestArgs@1, org.springframework.boot.test.context.SpringBootTestWebEnvironment@1169afe1], resourceBasePath = 'src/main/webapp', contextLoader = 'org.springframework.boot.test.context.SpringBootContextLoader', parent = [null]], attributes = map['org.springframework.test.context.web.ServletTestExecutionListener.activateListener' -> true]], class annotated with @DirtiesContext [false] with mode [null].

  .   ____          _            __ _ _
 /\\ / ___'_ __ _ _(_)_ __  __ _ \ \ \ \
( ( )\___ | '_ | '_| | '_ \/ _` | \ \ \ \
 \\/  ___)| |_)| | | | | || (_| |  ) ) ) )
  '  |____| .__|_| |_|_| |_\__, | / / / /
 =========|_|==============|___/=/_/_/_/
 :: Spring Boot ::                (v2.6.3)

2022-03-29 14:42:39.199  INFO 20976 --- [    Test worker] c.e.asedemo.service.BookServiceTest      : Starting BookServiceTest using Java 11.0.14.1 on DESKTOP-KJQDDQ8 with PID 20976 (started by skk75 in C:\Lecture\2022_Spring\Project\Spring Boot\asedemo\asedemo)
2022-03-29 14:42:39.200  INFO 20976 --- [    Test worker] c.e.asedemo.service.BookServiceTest      : No active profile set, falling back to default profiles: default
2022-03-29 14:42:39.746  INFO 20976 --- [    Test worker] .s.d.r.c.RepositoryConfigurationDelegate : Bootstrapping Spring Data JPA repositories in DEFAULT mode.
2022-03-29 14:42:39.814  INFO 20976 --- [    Test worker] .s.d.r.c.RepositoryConfigurationDelegate : Finished Spring Data repository scanning in 55 ms. Found 1 JPA repository interfaces.
2022-03-29 14:42:40.233  INFO 20976 --- [    Test worker] com.zaxxer.hikari.HikariDataSource       : HikariPool-1 - Starting...
2022-03-29 14:42:40.429  INFO 20976 --- [    Test worker] com.zaxxer.hikari.HikariDataSource       : HikariPool-1 - Start completed.
2022-03-29 14:42:40.510  INFO 20976 --- [    Test worker] o.hibernate.jpa.internal.util.LogHelper  : HHH000204: Processing PersistenceUnitInfo [name: default]
2022-03-29 14:42:40.634  INFO 20976 --- [    Test worker] org.hibernate.Version                    : HHH000412: Hibernate ORM core version 5.6.4.Final
2022-03-29 14:42:40.845  INFO 20976 --- [    Test worker] o.hibernate.annotations.common.Version   : HCANN000001: Hibernate Commons Annotations {5.1.2.Final}
2022-03-29 14:42:40.994  INFO 20976 --- [    Test worker] org.hibernate.dialect.Dialect            : HHH000400: Using dialect: org.hibernate.dialect.H2Dialect
2022-03-29 14:42:41.454  INFO 20976 --- [    Test worker] o.h.e.t.j.p.i.JtaPlatformInitiator       : HHH000490: Using JtaPlatform implementation: [org.hibernate.engine.transaction.jta.platform.internal.NoJtaPlatform]
2022-03-29 14:42:41.461  INFO 20976 --- [    Test worker] j.LocalContainerEntityManagerFactoryBean : Initialized JPA EntityManagerFactory for persistence unit 'default'
2022-03-29 14:42:41.971  WARN 20976 --- [    Test worker] JpaBaseConfiguration$JpaWebConfiguration : spring.jpa.open-in-view is enabled by default. Therefore, database queries may be performed during view rendering. Explicitly configure spring.jpa.open-in-view to disable this warning
2022-03-29 14:42:42.231  INFO 20976 --- [    Test worker] o.s.b.a.h2.H2ConsoleAutoConfiguration    : H2 console available at '/h2-console'. Database available at 'jdbc:h2:mem:testdb'
2022-03-29 14:42:42.510  INFO 20976 --- [    Test worker] c.e.asedemo.service.BookServiceTest      : Started BookServiceTest in 3.638 seconds (JVM running for 4.654)
execution time = 42
Harry Potter
1
]]></system-out>
  <system-err><![CDATA[]]></system-err>
</testsuite>
